[2024-10-17 23:56:01] production.ERROR: require_once(/var/www/pterodactyl/routes/blueprint/client/versionchanger.php): Failed to open stream: No such file or directory {"exception":"[object] (ErrorException(code: 0): require_once(/var/www/pterodactyl/routes/blueprint/client/versionchanger.php): Failed to open stream: No such file or directory at /var/www/pterodactyl/routes/blueprint/client.php:8)
[stacktrace]
#0 /var/www/pterodactyl/vendor/laravel/framework/src/Illuminate/Foundation/Bootstrap/HandleExceptions.php(250): Illuminate\\Foundation\\Bootstrap\\HandleExceptions->handleError()
#1 /var/www/pterodactyl/routes/blueprint/client.php(8): Illuminate\\Foundation\\Bootstrap\\HandleExceptions->Illuminate\\Foundation\\Bootstrap\\{closure}()
#2 /var/www/pterodactyl/routes/blueprint/client.php(8): require_once('...')
#3 /var/www/pterodactyl/vendor/laravel/framework/src/Illuminate/Routing/Router.php(501): Illuminate\\Routing\\RouteFileRegistrar->{closure}()
#4 /var/www/pterodactyl/vendor/laravel/framework/src/Illuminate/Routing/Router.php(457): Illuminate\\Routing\\Router->loadRoutes()
#5 /var/www/pterodactyl/vendor/laravel/framework/src/Illuminate/Routing/RouteRegistrar.php(192): Illuminate\\Routing\\Router->group()
#6 /var/www/pterodactyl/routes/blueprint/client.php(8): Illuminate\\Routing\\RouteRegistrar->group()
#7 /var/www/pterodactyl/vendor/laravel/framework/src/Illuminate/Routing/RouteFileRegistrar.php(35): require('...')
#8 /var/www/pterodactyl/vendor/laravel/framework/src/Illuminate/Routing/Router.php(503): Illuminate\\Routing\\RouteFileRegistrar->register()
#9 /var/www/pterodactyl/vendor/laravel/framework/src/Illuminate/Routing/Router.php(457): Illuminate\\Routing\\Router->loadRoutes()
#10 /var/www/pterodactyl/vendor/laravel/framework/src/Illuminate/Routing/RouteRegistrar.php(192): Illuminate\\Routing\\Router->group()
#11 /var/www/pterodactyl/app/Providers/Blueprint/RouteServiceProvider.php(36): Illuminate\\Routing\\RouteRegistrar->group()
#12 /var/www/pterodactyl/vendor/laravel/framework/src/Illuminate/Routing/Router.php(501): Pterodactyl\\Providers\\Blueprint\\RouteServiceProvider->Pterodactyl\\Providers\\Blueprint\\{closure}()
#13 /var/www/pterodactyl/vendor/laravel/framework/src/Illuminate/Routing/Router.php(457): Illuminate\\Routing\\Router->loadRoutes()
#14 /var/www/pterodactyl/vendor/laravel/framework/src/Illuminate/Routing/RouteRegistrar.php(192): Illuminate\\Routing\\Router->group()
#15 /var/www/pterodactyl/app/Providers/Blueprint/RouteServiceProvider.php(26): Illuminate\\Routing\\RouteRegistrar->group()
#16 /var/www/pterodactyl/vendor/laravel/framework/src/Illuminate/Container/BoundMethod.php(36): Pterodactyl\\Providers\\Blueprint\\RouteServiceProvider->Pterodactyl\\Providers\\Blueprint\\{closure}()
#17 /var/www/pterodactyl/vendor/laravel/framework/src/Illuminate/Container/Util.php(41): Illuminate\\Container\\BoundMethod::Illuminate\\Container\\{closure}()
#18 /var/www/pterodactyl/vendor/laravel/framework/src/Illuminate/Container/BoundMethod.php(81): Illuminate\\Container\\Util::unwrapIfClosure()
#19 /var/www/pterodactyl/vendor/laravel/framework/src/Illuminate/Container/BoundMethod.php(35): Illuminate\\Container\\BoundMethod::callBoundMethod()
#20 /var/www/pterodactyl/vendor/laravel/framework/src/Illuminate/Container/Container.php(661): Illuminate\\Container\\BoundMethod::call()
#21 /var/www/pterodactyl/vendor/laravel/framework/src/Illuminate/Foundation/Support/Providers/RouteServiceProvider.php(120): Illuminate\\Container\\Container->call()
#22 /var/www/pterodactyl/vendor/laravel/framework/src/Illuminate/Foundation/Support/Providers/RouteServiceProvider.php(45): Illuminate\\Foundation\\Support\\Providers\\RouteServiceProvider->loadRoutes()
#23 /var/www/pterodactyl/vendor/laravel/framework/src/Illuminate/Container/BoundMethod.php(36): Illuminate\\Foundation\\Support\\Providers\\RouteServiceProvider->Illuminate\\Foundation\\Support\\Providers\\{closure}()
#24 /var/www/pterodactyl/vendor/laravel/framework/src/Illuminate/Container/Util.php(41): Illuminate\\Container\\BoundMethod::Illuminate\\Container\\{closure}()
#25 /var/www/pterodactyl/vendor/laravel/framework/src/Illuminate/Container/BoundMethod.php(81): Illuminate\\Container\\Util::unwrapIfClosure()
#26 /var/www/pterodactyl/vendor/laravel/framework/src/Illuminate/Container/BoundMethod.php(35): Illuminate\\Container\\BoundMethod::callBoundMethod()
#27 /var/www/pterodactyl/vendor/laravel/framework/src/Illuminate/Container/Container.php(661): Illuminate\\Container\\BoundMethod::call()
#28 /var/www/pterodactyl/vendor/laravel/framework/src/Illuminate/Support/ServiceProvider.php(119): Illuminate\\Container\\Container->call()
#29 /var/www/pterodactyl/vendor/laravel/framework/src/Illuminate/Foundation/Application.php(1011): Illuminate\\Support\\ServiceProvider->callBootedCallbacks()
#30 /var/www/pterodactyl/vendor/laravel/framework/src/Illuminate/Foundation/Application.php(989): Illuminate\\Foundation\\Application->bootProvider()
#31 [internal function]: Illuminate\\Foundation\\Application->Illuminate\\Foundation\\{closure}()
#32 /var/www/pterodactyl/vendor/laravel/framework/src/Illuminate/Foundation/Application.php(988): array_walk()
#33 /var/www/pterodactyl/vendor/laravel/framework/src/Illuminate/Foundation/Bootstrap/BootProviders.php(17): Illuminate\\Foundation\\Application->boot()
#34 /var/www/pterodactyl/vendor/laravel/framework/src/Illuminate/Foundation/Application.php(263): Illuminate\\Foundation\\Bootstrap\\BootProviders->bootstrap()
#35 /var/www/pterodactyl/vendor/laravel/framework/src/Illuminate/Foundation/Console/Kernel.php(383): Illuminate\\Foundation\\Application->bootstrapWith()
#36 /var/www/pterodactyl/vendor/laravel/framework/src/Illuminate/Foundation/Console/Kernel.php(153): Illuminate\\Foundation\\Console\\Kernel->bootstrap()
#37 /var/www/pterodactyl/artisan(35): Illuminate\\Foundation\\Console\\Kernel->handle()
#38 {main}
"} 
[2024-10-17 23:57:02] production.ERROR: require_once(/var/www/pterodactyl/routes/blueprint/client/versionchanger.php): Failed to open stream: No such file or directory {"exception":"[object] (ErrorException(code: 0): require_once(/var/www/pterodactyl/routes/blueprint/client/versionchanger.php): Failed to open stream: No such file or directory at /var/www/pterodactyl/routes/blueprint/client.php:8)
[stacktrace]
#0 /var/www/pterodactyl/vendor/laravel/framework/src/Illuminate/Foundation/Bootstrap/HandleExceptions.php(250): Illuminate\\Foundation\\Bootstrap\\HandleExceptions->handleError()
#1 /var/www/pterodactyl/routes/blueprint/client.php(8): Illuminate\\Foundation\\Bootstrap\\HandleExceptions->Illuminate\\Foundation\\Bootstrap\\{closure}()
#2 /var/www/pterodactyl/routes/blueprint/client.php(8): require_once('...')
#3 /var/www/pterodactyl/vendor/laravel/framework/src/Illuminate/Routing/Router.php(501): Illuminate\\Routing\\RouteFileRegistrar->{closure}()
#4 /var/www/pterodactyl/vendor/laravel/framework/src/Illuminate/Routing/Router.php(457): Illuminate\\Routing\\Router->loadRoutes()
#5 /var/www/pterodactyl/vendor/laravel/framework/src/Illuminate/Routing/RouteRegistrar.php(192): Illuminate\\Routing\\Router->group()
#6 /var/www/pterodactyl/routes/blueprint/client.php(8): Illuminate\\Routing\\RouteRegistrar->group()
#7 /var/www/pterodactyl/vendor/laravel/framework/src/Illuminate/Routing/RouteFileRegistrar.php(35): require('...')
#8 /var/www/pterodactyl/vendor/laravel/framework/src/Illuminate/Routing/Router.php(503): Illuminate\\Routing\\RouteFileRegistrar->register()
#9 /var/www/pterodactyl/vendor/laravel/framework/src/Illuminate/Routing/Router.php(457): Illuminate\\Routing\\Router->loadRoutes()
#10 /var/www/pterodactyl/vendor/laravel/framework/src/Illuminate/Routing/RouteRegistrar.php(192): Illuminate\\Routing\\Router->group()
#11 /var/www/pterodactyl/app/Providers/Blueprint/RouteServiceProvider.php(36): Illuminate\\Routing\\RouteRegistrar->group()
#12 /var/www/pterodactyl/vendor/laravel/framework/src/Illuminate/Routing/Router.php(501): Pterodactyl\\Providers\\Blueprint\\RouteServiceProvider->Pterodactyl\\Providers\\Blueprint\\{closure}()
#13 /var/www/pterodactyl/vendor/laravel/framework/src/Illuminate/Routing/Router.php(457): Illuminate\\Routing\\Router->loadRoutes()
#14 /var/www/pterodactyl/vendor/laravel/framework/src/Illuminate/Routing/RouteRegistrar.php(192): Illuminate\\Routing\\Router->group()
#15 /var/www/pterodactyl/app/Providers/Blueprint/RouteServiceProvider.php(26): Illuminate\\Routing\\RouteRegistrar->group()
#16 /var/www/pterodactyl/vendor/laravel/framework/src/Illuminate/Container/BoundMethod.php(36): Pterodactyl\\Providers\\Blueprint\\RouteServiceProvider->Pterodactyl\\Providers\\Blueprint\\{closure}()
#17 /var/www/pterodactyl/vendor/laravel/framework/src/Illuminate/Container/Util.php(41): Illuminate\\Container\\BoundMethod::Illuminate\\Container\\{closure}()
#18 /var/www/pterodactyl/vendor/laravel/framework/src/Illuminate/Container/BoundMethod.php(81): Illuminate\\Container\\Util::unwrapIfClosure()
#19 /var/www/pterodactyl/vendor/laravel/framework/src/Illuminate/Container/BoundMethod.php(35): Illuminate\\Container\\BoundMethod::callBoundMethod()
#20 /var/www/pterodactyl/vendor/laravel/framework/src/Illuminate/Container/Container.php(661): Illuminate\\Container\\BoundMethod::call()
#21 /var/www/pterodactyl/vendor/laravel/framework/src/Illuminate/Foundation/Support/Providers/RouteServiceProvider.php(120): Illuminate\\Container\\Container->call()
#22 /var/www/pterodactyl/vendor/laravel/framework/src/Illuminate/Foundation/Support/Providers/RouteServiceProvider.php(45): Illuminate\\Foundation\\Support\\Providers\\RouteServiceProvider->loadRoutes()
#23 /var/www/pterodactyl/vendor/laravel/framework/src/Illuminate/Container/BoundMethod.php(36): Illuminate\\Foundation\\Support\\Providers\\RouteServiceProvider->Illuminate\\Foundation\\Support\\Providers\\{closure}()
#24 /var/www/pterodactyl/vendor/laravel/framework/src/Illuminate/Container/Util.php(41): Illuminate\\Container\\BoundMethod::Illuminate\\Container\\{closure}()
#25 /var/www/pterodactyl/vendor/laravel/framework/src/Illuminate/Container/BoundMethod.php(81): Illuminate\\Container\\Util::unwrapIfClosure()
#26 /var/www/pterodactyl/vendor/laravel/framework/src/Illuminate/Container/BoundMethod.php(35): Illuminate\\Container\\BoundMethod::callBoundMethod()
#27 /var/www/pterodactyl/vendor/laravel/framework/src/Illuminate/Container/Container.php(661): Illuminate\\Container\\BoundMethod::call()
#28 /var/www/pterodactyl/vendor/laravel/framework/src/Illuminate/Support/ServiceProvider.php(119): Illuminate\\Container\\Container->call()
#29 /var/www/pterodactyl/vendor/laravel/framework/src/Illuminate/Foundation/Application.php(1011): Illuminate\\Support\\ServiceProvider->callBootedCallbacks()
#30 /var/www/pterodactyl/vendor/laravel/framework/src/Illuminate/Foundation/Application.php(989): Illuminate\\Foundation\\Application->bootProvider()
#31 [internal function]: Illuminate\\Foundation\\Application->Illuminate\\Foundation\\{closure}()
#32 /var/www/pterodactyl/vendor/laravel/framework/src/Illuminate/Foundation/Application.php(988): array_walk()
#33 /var/www/pterodactyl/vendor/laravel/framework/src/Illuminate/Foundation/Bootstrap/BootProviders.php(17): Illuminate\\Foundation\\Application->boot()
#34 /var/www/pterodactyl/vendor/laravel/framework/src/Illuminate/Foundation/Application.php(263): Illuminate\\Foundation\\Bootstrap\\BootProviders->bootstrap()
#35 /var/www/pterodactyl/vendor/laravel/framework/src/Illuminate/Foundation/Console/Kernel.php(383): Illuminate\\Foundation\\Application->bootstrapWith()
#36 /var/www/pterodactyl/vendor/laravel/framework/src/Illuminate/Foundation/Console/Kernel.php(153): Illuminate\\Foundation\\Console\\Kernel->bootstrap()
#37 /var/www/pterodactyl/artisan(35): Illuminate\\Foundation\\Console\\Kernel->handle()
#38 {main}
"} 
